<?xml version="1.0" encoding="UTF-8"?>
<testng-results skipped="0" failed="0" ignored="0" total="1" passed="1">
  <reporter-output>
  </reporter-output>
  <suite name="Suite" duration-ms="21420" started-at="2021-06-20T13:32:00Z" finished-at="2021-06-20T13:32:21Z">
    <groups>
    </groups>
    <test name="Test" duration-ms="21420" started-at="2021-06-20T13:32:00Z" finished-at="2021-06-20T13:32:21Z">
      <class name="com.chatwhizz.testCases.TC_LoginPage">
        <test-method status="PASS" signature="setup(java.lang.String)[pri:0, instance:com.chatwhizz.testCases.TC_LoginPage@b62fe6d]" name="setup" is-config="true" duration-ms="9722" started-at="2021-06-20T13:32:00Z" finished-at="2021-06-20T13:32:10Z">
          <params>
            <param index="0">
              <value>
                <![CDATA[chrome]]>
              </value>
            </param>
          </params>
          <reporter-output>
          </reporter-output>
        </test-method> <!-- setup -->
        <test-method status="PASS" signature="loginPage()[pri:0, instance:com.chatwhizz.testCases.TC_LoginPage@b62fe6d]" name="loginPage" duration-ms="10707" started-at="2021-06-20T13:32:10Z" finished-at="2021-06-20T13:32:20Z">
          <reporter-output>
          </reporter-output>
        </test-method> <!-- loginPage -->
        <test-method status="PASS" signature="tearDown()[pri:0, instance:com.chatwhizz.testCases.TC_LoginPage@b62fe6d]" name="tearDown" is-config="true" duration-ms="729" started-at="2021-06-20T13:32:20Z" finished-at="2021-06-20T13:32:21Z">
          <reporter-output>
          </reporter-output>
        </test-method> <!-- tearDown -->
      </class> <!-- com.chatwhizz.testCases.TC_LoginPage -->
    </test> <!-- Test -->
  </suite> <!-- Suite -->
</testng-results>
